<?xml version="1.0" encoding="UTF-8"?>
<!-- Generated by org.testng.reporters.JUnitXMLReporter -->
<testsuite hostname="DESKTOP-KFK5AMQ" ignored="0" name="run on CHROME" tests="2" failures="0" timestamp="21 Apr 2023 15:40:55 GMT" time="17.369" errors="0">
  <testcase name="TC03_Register_With_Valid_Data" time="2.785" classname="com.nopcommerce.common.Common_01_Register"/>
  <testcase name="TC06_Login_With_Valid_Data" time="1.755" classname="com.nopcommerce.common.Common_02_Login"/>
</testsuite> <!-- run on CHROME -->
