<?xml version="1.0" encoding="UTF-8"?>
<!-- Generated by org.testng.reporters.JUnitXMLReporter -->
<testsuite hostname="DESKTOP-KFK5AMQ" ignored="0" name="run on CHROME" tests="3" failures="0" timestamp="27 Apr 2023 06:30:24 GMT" time="20.494" errors="0">
  <testcase name="Register_03_With_Valid_Data" time="2.617" classname="com.nopcommerce.common.Common_01_Register"/>
  <testcase name="MyReview_01_Add_Review" time="4.352" classname="com.nopcommerce.user.MyAccount_04_My_Product_Preview"/>
  <testcase name="MyReview_02_Verify_Review_Display_In_My_Product_Review" time="0.881" classname="com.nopcommerce.user.MyAccount_04_My_Product_Preview"/>
</testsuite> <!-- run on CHROME -->
